<?xml version="1.0" encoding="UTF-8"?>
<!-- Generated by org.testng.reporters.JUnitReportReporter -->
<testsuite hostname="DESKTOP-D7E41T6" failures="0" tests="1" name="runners.TestRunner" time="10.353" errors="0" timestamp="2023-08-10T14:16:33 IST" skipped="0">
  <testcase classname="runners.TestRunner" name="runScenario" time="10.353"/>
  <system-out/>
</testsuite> <!-- runners.TestRunner -->
