<?xml version="1.0" encoding="UTF-8"?>
<!-- Generated by org.testng.reporters.JUnitReportReporter -->
<testsuite hostname="DESKTOP-D7E41T6" failures="0" tests="2" name="runners.TestRunner" time="36.634" errors="0" timestamp="2023-10-19T13:45:24 IST" skipped="0">
  <testcase classname="runners.TestRunner" name="runScenario" time="8.897"/>
  <system-out/>
  <testcase classname="runners.TestRunner" name="runScenario" time="27.737"/>
  <system-out/>
</testsuite> <!-- runners.TestRunner -->
